生成启动时间为 2016/5/20 星期五 12:49:50。
     1>项目“G:\OPENCV_WORKSPACE\rm_dji\rm_dji\rm_dji\rm_dji.vcxproj”在节点 2 上(Build 个目标)。
     1>ClCompile:
         G:\Program Files (x86)\Microsoft Visual Studio 11.0\VC\bin\CL.exe /c /ZI /nologo /W3 /WX- /Od /Oy- /D _MBCS /Gm /EHsc /RTC1 /MDd /GS /fp:precise /Zc:wchar_t /Zc:forScope /Fo"Debug\\" /Fd"Debug\vc110.pdb" /Gd /TP /analyze- /errorReport:prompt main.cpp
         main.cpp
     1>g:\opencv3\opencv\build\include\opencv2\core\mat.hpp(1965): warning C4819: 该文件包含不能在当前代码页(936)中表示的字符。请将该文件保存为 Unicode 格式以防止数据丢失
     1>g:\opencv3\opencv\build\include\opencv2\core\persistence.hpp : warning C4819: 该文件包含不能在当前代码页(936)中表示的字符。请将该文件保存为 Unicode 格式以防止数据丢失
     1>g:\opencv3\opencv\build\include\opencv2\core\utility.hpp : warning C4819: 该文件包含不能在当前代码页(936)中表示的字符。请将该文件保存为 Unicode 格式以防止数据丢失
     1>g:\opencv_workspace\rm_dji\rm_dji\rm_dji\main.cpp(93): warning C4244: “=”: 从“float”转换到“int”，可能丢失数据
     1>g:\opencv_workspace\rm_dji\rm_dji\rm_dji\main.cpp(95): warning C4244: “=”: 从“float”转换到“int”，可能丢失数据
     1>g:\opencv_workspace\rm_dji\rm_dji\rm_dji\main.cpp(98): warning C4244: “=”: 从“int”转换到“float”，可能丢失数据
     1>g:\opencv_workspace\rm_dji\rm_dji\rm_dji\main.cpp(99): warning C4244: “=”: 从“int”转换到“float”，可能丢失数据
     1>g:\opencv_workspace\rm_dji\rm_dji\rm_dji\main.cpp(103): warning C4244: “=”: 从“int”转换到“float”，可能丢失数据
     1>g:\opencv_workspace\rm_dji\rm_dji\rm_dji\main.cpp(104): warning C4244: “=”: 从“int”转换到“float”，可能丢失数据
       Link:
         G:\Program Files (x86)\Microsoft Visual Studio 11.0\VC\bin\link.exe /ERRORREPORT:PROMPT /OUT:"G:\OPENCV_WORKSPACE\rm_dji\rm_dji\Debug\rm_dji.exe" /INCREMENTAL /NOLOGO opencv_ts300d.lib opencv_world300d.lib IlmImfd.lib libjasperd.lib libjpegd.lib libpngd.lib libtiffd.lib libwebpd.lib opencv_calib3d300d.lib opencv_core300d.lib opencv_features2d300d.lib opencv_flann300d.lib opencv_highgui300d.lib opencv_imgcodecs300d.lib opencv_imgproc300d.lib opencv_ml300d.lib opencv_objdetect300d.lib opencv_photo300d.lib opencv_shape300d.lib opencv_stitching300d.lib opencv_superres300d.lib opencv_video300d.lib opencv_videoio300d.lib opencv_videostab300d.lib zlibd.lib kernel32.lib user32.lib gdi32.lib winspool.lib comdlg32.lib advapi32.lib shell32.lib ole32.lib oleaut32.lib uuid.lib odbc32.lib odbccp32.lib /MANIFEST /MANIFESTUAC:"level='asInvoker' uiAccess='false'" /manifest:embed /DEBUG /PDB:"G:\OPENCV_WORKSPACE\rm_dji\rm_dji\Debug\rm_dji.pdb" /TLBID:1 /DYNAMICBASE /NXCOMPAT /IMPLIB:"G:\OPENCV_WORKSPACE\rm_dji\rm_dji\Debug\rm_dji.lib" /MACHINE:X86 Debug\main.obj
         rm_dji.vcxproj -> G:\OPENCV_WORKSPACE\rm_dji\rm_dji\Debug\rm_dji.exe
     1>已完成生成项目“G:\OPENCV_WORKSPACE\rm_dji\rm_dji\rm_dji\rm_dji.vcxproj”(Build 个目标)的操作。

生成成功。

已用时间 00:00:02.11
